<?xml version="1.0" encoding="UTF-8"?>
<testng-results ignored="0" total="3" passed="3" failed="0" skipped="0">
  <reporter-output>
  </reporter-output>
  <suite started-at="2021-11-07T18:21:58 IST" name="Suite" finished-at="2021-11-07T18:22:29 IST" duration-ms="31174">
    <groups>
    </groups>
    <test started-at="2021-11-07T18:21:58 IST" name="login" finished-at="2021-11-07T18:22:06 IST" duration-ms="8129">
      <class name="com.mindtree.pageobject.maintest">
        <test-method is-config="true" signature="loadpage()[pri:0, instance:com.mindtree.pageobject.maintest@4310d43]" started-at="2021-11-07T18:21:58 IST" name="loadpage" finished-at="2021-11-07T18:22:03 IST" duration-ms="5044" status="PASS">
          <reporter-output>
          </reporter-output>
        </test-method> <!-- loadpage -->
        <test-method signature="login(java.lang.String,java.lang.String)[pri:0, instance:com.mindtree.pageobject.maintest@4310d43]" started-at="2021-11-07T18:22:03 IST" name="login" data-provider="getData" finished-at="2021-11-07T18:22:06 IST" duration-ms="2618" status="PASS">
          <params>
            <param index="0">
              <value>
                <![CDATA[gagan@gmail.com]]>
              </value>
            </param>
            <param index="1">
              <value>
                <![CDATA[password]]>
              </value>
            </param>
          </params>
          <reporter-output>
          </reporter-output>
        </test-method> <!-- login -->
        <test-method is-config="true" signature="terminate()[pri:0, instance:com.mindtree.pageobject.maintest@4310d43]" started-at="2021-11-07T18:22:06 IST" name="terminate" finished-at="2021-11-07T18:22:06 IST" duration-ms="69" status="PASS">
          <reporter-output>
          </reporter-output>
        </test-method> <!-- terminate -->
      </class> <!-- com.mindtree.pageobject.maintest -->
    </test> <!-- login -->
    <test started-at="2021-11-07T18:22:06 IST" name="search" finished-at="2021-11-07T18:22:16 IST" duration-ms="10012">
      <class name="com.mindtree.pageobject.searchitem">
        <test-method is-config="true" signature="loadpage()[pri:0, instance:com.mindtree.pageobject.searchitem@6574a52c]" started-at="2021-11-07T18:22:06 IST" name="loadpage" finished-at="2021-11-07T18:22:10 IST" duration-ms="4160" status="PASS">
          <reporter-output>
          </reporter-output>
        </test-method> <!-- loadpage -->
        <test-method signature="search(java.lang.String)[pri:0, instance:com.mindtree.pageobject.searchitem@6574a52c]" started-at="2021-11-07T18:22:10 IST" name="search" data-provider="getbook" finished-at="2021-11-07T18:22:11 IST" duration-ms="491" status="PASS">
          <params>
            <param index="0">
              <value>
                <![CDATA[Books]]>
              </value>
            </param>
          </params>
          <reporter-output>
          </reporter-output>
        </test-method> <!-- search -->
        <test-method is-config="true" signature="terminate()[pri:0, instance:com.mindtree.pageobject.searchitem@6574a52c]" started-at="2021-11-07T18:22:12 IST" name="terminate" finished-at="2021-11-07T18:22:16 IST" duration-ms="4163" status="PASS">
          <reporter-output>
          </reporter-output>
        </test-method> <!-- terminate -->
      </class> <!-- com.mindtree.pageobject.searchitem -->
    </test> <!-- search -->
    <test started-at="2021-11-07T18:22:16 IST" name="validate" finished-at="2021-11-07T18:22:29 IST" duration-ms="13002">
      <class name="com.mindtree.runner.validatename">
        <test-method is-config="true" signature="initialize()[pri:0, instance:com.mindtree.runner.validatename@698122b2]" started-at="2021-11-07T18:22:16 IST" name="initialize" finished-at="2021-11-07T18:22:21 IST" duration-ms="5331" status="PASS">
          <reporter-output>
          </reporter-output>
        </test-method> <!-- initialize -->
        <test-method signature="basehomepage()[pri:0, instance:com.mindtree.runner.validatename@698122b2]" started-at="2021-11-07T18:22:21 IST" name="basehomepage" finished-at="2021-11-07T18:22:25 IST" duration-ms="3261" status="PASS">
          <reporter-output>
          </reporter-output>
        </test-method> <!-- basehomepage -->
        <test-method is-config="true" signature="teardown()[pri:0, instance:com.mindtree.runner.validatename@698122b2]" started-at="2021-11-07T18:22:25 IST" name="teardown" finished-at="2021-11-07T18:22:29 IST" duration-ms="4156" status="PASS">
          <reporter-output>
          </reporter-output>
        </test-method> <!-- teardown -->
      </class> <!-- com.mindtree.runner.validatename -->
    </test> <!-- validate -->
  </suite> <!-- Suite -->
</testng-results>
